<?xml version="1.0" encoding="UTF-8"?>
<testsuite name="ru.stqa.tester.addressbook.tests.GroupDeletionTests" tests="1" skipped="0" failures="0" errors="0" timestamp="2019-03-07T23:52:24" hostname="DESKTOP-HQL3497" time="1.183">
  <properties/>
  <testcase name="testGroupDeletion" classname="ru.stqa.tester.addressbook.tests.GroupDeletionTests" time="1.183"/>
  <system-out><![CDATA[]]></system-out>
  <system-err><![CDATA[]]></system-err>
</testsuite>
