<?xml version="1.0" encoding="UTF-8"?>
<testsuite name="ru.stqa.tester.addressbook.tests.GroupCreationTests" tests="3" skipped="0" failures="0" errors="0" timestamp="2019-03-10T19:28:39" hostname="DESKTOP-HQL3497" time="4.982">
  <properties/>
  <testcase name="testBadGroupCreation" classname="ru.stqa.tester.addressbook.tests.GroupCreationTests" time="1.759"/>
  <testcase name="testGroupCreation[0](GroupData{id='2147483647', name='test 0'})" classname="ru.stqa.tester.addressbook.tests.GroupCreationTests" time="1.622"/>
  <testcase name="testGroupCreation[1](GroupData{id='2147483647', name='test 1'})" classname="ru.stqa.tester.addressbook.tests.GroupCreationTests" time="1.524"/>
  <system-out><![CDATA[]]></system-out>
  <system-err><![CDATA[]]></system-err>
</testsuite>
