<?xml version="1.0" encoding="UTF-8"?>
<testsuite name="ru.stqa.tester.addressbook.tests.ContactDeletionTests" tests="1" skipped="0" failures="0" errors="0" timestamp="2019-03-07T23:39:41" hostname="DESKTOP-HQL3497" time="1.905">
  <properties/>
  <testcase name="testContactDeletation" classname="ru.stqa.tester.addressbook.tests.ContactDeletionTests" time="1.905"/>
  <system-out><![CDATA[]]></system-out>
  <system-err><![CDATA[]]></system-err>
</testsuite>
