<?xml version="1.0" encoding="UTF-8"?>
<testsuite name="ru.stqa.tester.addressbook.tests.GroupCreationTests" tests="3" skipped="0" failures="0" errors="0" timestamp="2019-03-07T23:39:11" hostname="DESKTOP-HQL3497" time="6.1">
  <properties/>
  <testcase name="testBadGroupCreation" classname="ru.stqa.tester.addressbook.tests.GroupCreationTests" time="2.415"/>
  <testcase name="testGroupCreation[0](GroupData{id='2147483647', name='test 0'})" classname="ru.stqa.tester.addressbook.tests.GroupCreationTests" time="1.868"/>
  <testcase name="testGroupCreation[1](GroupData{id='2147483647', name='test 1'})" classname="ru.stqa.tester.addressbook.tests.GroupCreationTests" time="1.751"/>
  <system-out><![CDATA[]]></system-out>
  <system-err><![CDATA[]]></system-err>
</testsuite>
